<?xml version="1.0" encoding="UTF-8"?>
<testsuite xmlns:xsi="http://www.w3.org/2001/XMLSchema-instance" xsi:noNamespaceSchemaLocation="https://maven.apache.org/surefire/maven-surefire-plugin/xsd/surefire-test-report.xsd" name="com.grow.medicines.MedicinesApplicationTests" time="51.004" tests="1" errors="0" skipped="0" failures="0">
  <properties>
    <property name="java.specification.version" value="17"/>
    <property name="sun.cpu.isalist" value="amd64"/>
    <property name="sun.jnu.encoding" value="Cp1252"/>
    <property name="java.class.path" value="C:\Users\ovela\OneDrive\Documentos\Programacion_Nacional\Programmig\Ciclo4 Microservicios\Proyecto\medicines\target\test-classes;C:\Users\ovela\OneDrive\Documentos\Programacion_Nacional\Programmig\Ciclo4 Microservicios\Proyecto\medicines\target\classes;C:\Users\ovela\OneDrive\Documentos\Programacion_Nacional\Programmig\Ciclo4 Microservicios\Proyecto\medicines\ovela\.m2\repository\org\springframework\boot\spring-boot-starter-data-mongodb\2.6.0\spring-boot-starter-data-mongodb-2.6.0.jar;C:\Users\ovela\OneDrive\Documentos\Programacion_Nacional\Programmig\Ciclo4 Microservicios\Proyecto\medicines\ovela\.m2\repository\org\springframework\boot\spring-boot-starter\2.6.0\spring-boot-starter-2.6.0.jar;C:\Users\ovela\OneDrive\Documentos\Programacion_Nacional\Programmig\Ciclo4 Microservicios\Proyecto\medicines\ovela\.m2\repository\org\springframework\boot\spring-boot\2.6.0\spring-boot-2.6.0.jar;C:\Users\ovela\OneDrive\Documentos\Programacion_Nacional\Programmig\Ciclo4 Microservicios\Proyecto\medicines\ovela\.m2\repository\org\springframework\boot\spring-boot-autoconfigure\2.6.0\spring-boot-autoconfigure-2.6.0.jar;C:\Users\ovela\OneDrive\Documentos\Programacion_Nacional\Programmig\Ciclo4 Microservicios\Proyecto\medicines\ovela\.m2\repository\org\springframework\boot\spring-boot-starter-logging\2.6.0\spring-boot-starter-logging-2.6.0.jar;C:\Users\ovela\OneDrive\Documentos\Programacion_Nacional\Programmig\Ciclo4 Microservicios\Proyecto\medicines\ovela\.m2\repository\ch\qos\logback\logback-classic\1.2.7\logback-classic-1.2.7.jar;C:\Users\ovela\OneDrive\Documentos\Programacion_Nacional\Programmig\Ciclo4 Microservicios\Proyecto\medicines\ovela\.m2\repository\ch\qos\logback\logback-core\1.2.7\logback-core-1.2.7.jar;C:\Users\ovela\OneDrive\Documentos\Programacion_Nacional\Programmig\Ciclo4 Microservicios\Proyecto\medicines\ovela\.m2\repository\org\apache\logging\log4j\log4j-to-slf4j\2.14.1\log4j-to-slf4j-2.14.1.jar;C:\Users\ovela\OneDrive\Documentos\Programacion_Nacional\Programmig\Ciclo4 Microservicios\Proyecto\medicines\ovela\.m2\repository\org\apache\logging\log4j\log4j-api\2.14.1\log4j-api-2.14.1.jar;C:\Users\ovela\OneDrive\Documentos\Programacion_Nacional\Programmig\Ciclo4 Microservicios\Proyecto\medicines\ovela\.m2\repository\org\slf4j\jul-to-slf4j\1.7.32\jul-to-slf4j-1.7.32.jar;C:\Users\ovela\OneDrive\Documentos\Programacion_Nacional\Programmig\Ciclo4 Microservicios\Proyecto\medicines\ovela\.m2\repository\jakarta\annotation\jakarta.annotation-api\1.3.5\jakarta.annotation-api-1.3.5.jar;C:\Users\ovela\OneDrive\Documentos\Programacion_Nacional\Programmig\Ciclo4 Microservicios\Proyecto\medicines\ovela\.m2\repository\org\yaml\snakeyaml\1.29\snakeyaml-1.29.jar;C:\Users\ovela\OneDrive\Documentos\Programacion_Nacional\Programmig\Ciclo4 Microservicios\Proyecto\medicines\ovela\.m2\repository\org\mongodb\mongodb-driver-sync\4.4.0\mongodb-driver-sync-4.4.0.jar;C:\Users\ovela\OneDrive\Documentos\Programacion_Nacional\Programmig\Ciclo4 Microservicios\Proyecto\medicines\ovela\.m2\repository\org\mongodb\bson\4.4.0\bson-4.4.0.jar;C:\Users\ovela\OneDrive\Documentos\Programacion_Nacional\Programmig\Ciclo4 Microservicios\Proyecto\medicines\ovela\.m2\repository\org\mongodb\mongodb-driver-core\4.4.0\mongodb-driver-core-4.4.0.jar;C:\Users\ovela\OneDrive\Documentos\Programacion_Nacional\Programmig\Ciclo4 Microservicios\Proyecto\medicines\ovela\.m2\repository\org\springframework\data\spring-data-mongodb\3.3.0\spring-data-mongodb-3.3.0.jar;C:\Users\ovela\OneDrive\Documentos\Programacion_Nacional\Programmig\Ciclo4 Microservicios\Proyecto\medicines\ovela\.m2\repository\org\springframework\spring-tx\5.3.13\spring-tx-5.3.13.jar;C:\Users\ovela\OneDrive\Documentos\Programacion_Nacional\Programmig\Ciclo4 Microservicios\Proyecto\medicines\ovela\.m2\repository\org\springframework\spring-context\5.3.13\spring-context-5.3.13.jar;C:\Users\ovela\OneDrive\Documentos\Programacion_Nacional\Programmig\Ciclo4 Microservicios\Proyecto\medicines\ovela\.m2\repository\org\springframework\spring-beans\5.3.13\spring-beans-5.3.13.jar;C:\Users\ovela\OneDrive\Documentos\Programacion_Nacional\Programmig\Ciclo4 Microservicios\Proyecto\medicines\ovela\.m2\repository\org\springframework\spring-expression\5.3.13\spring-expression-5.3.13.jar;C:\Users\ovela\OneDrive\Documentos\Programacion_Nacional\Programmig\Ciclo4 Microservicios\Proyecto\medicines\ovela\.m2\repository\org\springframework\data\spring-data-commons\2.6.0\spring-data-commons-2.6.0.jar;C:\Users\ovela\OneDrive\Documentos\Programacion_Nacional\Programmig\Ciclo4 Microservicios\Proyecto\medicines\ovela\.m2\repository\org\slf4j\slf4j-api\1.7.32\slf4j-api-1.7.32.jar;C:\Users\ovela\OneDrive\Documentos\Programacion_Nacional\Programmig\Ciclo4 Microservicios\Proyecto\medicines\ovela\.m2\repository\org\springframework\boot\spring-boot-starter-web\2.6.0\spring-boot-starter-web-2.6.0.jar;C:\Users\ovela\OneDrive\Documentos\Programacion_Nacional\Programmig\Ciclo4 Microservicios\Proyecto\medicines\ovela\.m2\repository\org\springframework\boot\spring-boot-starter-json\2.6.0\spring-boot-starter-json-2.6.0.jar;C:\Users\ovela\OneDrive\Documentos\Programacion_Nacional\Programmig\Ciclo4 Microservicios\Proyecto\medicines\ovela\.m2\repository\com\fasterxml\jackson\core\jackson-databind\2.13.0\jackson-databind-2.13.0.jar;C:\Users\ovela\OneDrive\Documentos\Programacion_Nacional\Programmig\Ciclo4 Microservicios\Proyecto\medicines\ovela\.m2\repository\com\fasterxml\jackson\core\jackson-annotations\2.13.0\jackson-annotations-2.13.0.jar;C:\Users\ovela\OneDrive\Documentos\Programacion_Nacional\Programmig\Ciclo4 Microservicios\Proyecto\medicines\ovela\.m2\repository\com\fasterxml\jackson\core\jackson-core\2.13.0\jackson-core-2.13.0.jar;C:\Users\ovela\OneDrive\Documentos\Programacion_Nacional\Programmig\Ciclo4 Microservicios\Proyecto\medicines\ovela\.m2\repository\com\fasterxml\jackson\datatype\jackson-datatype-jdk8\2.13.0\jackson-datatype-jdk8-2.13.0.jar;C:\Users\ovela\OneDrive\Documentos\Programacion_Nacional\Programmig\Ciclo4 Microservicios\Proyecto\medicines\ovela\.m2\repository\com\fasterxml\jackson\datatype\jackson-datatype-jsr310\2.13.0\jackson-datatype-jsr310-2.13.0.jar;C:\Users\ovela\OneDrive\Documentos\Programacion_Nacional\Programmig\Ciclo4 Microservicios\Proyecto\medicines\ovela\.m2\repository\com\fasterxml\jackson\module\jackson-module-parameter-names\2.13.0\jackson-module-parameter-names-2.13.0.jar;C:\Users\ovela\OneDrive\Documentos\Programacion_Nacional\Programmig\Ciclo4 Microservicios\Proyecto\medicines\ovela\.m2\repository\org\springframework\boot\spring-boot-starter-tomcat\2.6.0\spring-boot-starter-tomcat-2.6.0.jar;C:\Users\ovela\OneDrive\Documentos\Programacion_Nacional\Programmig\Ciclo4 Microservicios\Proyecto\medicines\ovela\.m2\repository\org\apache\tomcat\embed\tomcat-embed-core\9.0.55\tomcat-embed-core-9.0.55.jar;C:\Users\ovela\OneDrive\Documentos\Programacion_Nacional\Programmig\Ciclo4 Microservicios\Proyecto\medicines\ovela\.m2\repository\org\apache\tomcat\embed\tomcat-embed-el\9.0.55\tomcat-embed-el-9.0.55.jar;C:\Users\ovela\OneDrive\Documentos\Programacion_Nacional\Programmig\Ciclo4 Microservicios\Proyecto\medicines\ovela\.m2\repository\org\apache\tomcat\embed\tomcat-embed-websocket\9.0.55\tomcat-embed-websocket-9.0.55.jar;C:\Users\ovela\OneDrive\Documentos\Programacion_Nacional\Programmig\Ciclo4 Microservicios\Proyecto\medicines\ovela\.m2\repository\org\springframework\spring-web\5.3.13\spring-web-5.3.13.jar;C:\Users\ovela\OneDrive\Documentos\Programacion_Nacional\Programmig\Ciclo4 Microservicios\Proyecto\medicines\ovela\.m2\repository\org\springframework\spring-webmvc\5.3.13\spring-webmvc-5.3.13.jar;C:\Users\ovela\OneDrive\Documentos\Programacion_Nacional\Programmig\Ciclo4 Microservicios\Proyecto\medicines\ovela\.m2\repository\org\springframework\spring-aop\5.3.13\spring-aop-5.3.13.jar;C:\Users\ovela\OneDrive\Documentos\Programacion_Nacional\Programmig\Ciclo4 Microservicios\Proyecto\medicines\ovela\.m2\repository\org\springframework\boot\spring-boot-starter-test\2.6.0\spring-boot-starter-test-2.6.0.jar;C:\Users\ovela\OneDrive\Documentos\Programacion_Nacional\Programmig\Ciclo4 Microservicios\Proyecto\medicines\ovela\.m2\repository\org\springframework\boot\spring-boot-test\2.6.0\spring-boot-test-2.6.0.jar;C:\Users\ovela\OneDrive\Documentos\Programacion_Nacional\Programmig\Ciclo4 Microservicios\Proyecto\medicines\ovela\.m2\repository\org\springframework\boot\spring-boot-test-autoconfigure\2.6.0\spring-boot-test-autoconfigure-2.6.0.jar;C:\Users\ovela\OneDrive\Documentos\Programacion_Nacional\Programmig\Ciclo4 Microservicios\Proyecto\medicines\ovela\.m2\repository\com\jayway\jsonpath\json-path\2.6.0\json-path-2.6.0.jar;C:\Users\ovela\OneDrive\Documentos\Programacion_Nacional\Programmig\Ciclo4 Microservicios\Proyecto\medicines\ovela\.m2\repository\net\minidev\json-smart\2.4.7\json-smart-2.4.7.jar;C:\Users\ovela\OneDrive\Documentos\Programacion_Nacional\Programmig\Ciclo4 Microservicios\Proyecto\medicines\ovela\.m2\repository\net\minidev\accessors-smart\2.4.7\accessors-smart-2.4.7.jar;C:\Users\ovela\OneDrive\Documentos\Programacion_Nacional\Programmig\Ciclo4 Microservicios\Proyecto\medicines\ovela\.m2\repository\org\ow2\asm\asm\9.1\asm-9.1.jar;C:\Users\ovela\OneDrive\Documentos\Programacion_Nacional\Programmig\Ciclo4 Microservicios\Proyecto\medicines\ovela\.m2\repository\jakarta\xml\bind\jakarta.xml.bind-api\2.3.3\jakarta.xml.bind-api-2.3.3.jar;C:\Users\ovela\OneDrive\Documentos\Programacion_Nacional\Programmig\Ciclo4 Microservicios\Proyecto\medicines\ovela\.m2\repository\jakarta\activation\jakarta.activation-api\1.2.2\jakarta.activation-api-1.2.2.jar;C:\Users\ovela\OneDrive\Documentos\Programacion_Nacional\Programmig\Ciclo4 Microservicios\Proyecto\medicines\ovela\.m2\repository\org\assertj\assertj-core\3.21.0\assertj-core-3.21.0.jar;C:\Users\ovela\OneDrive\Documentos\Programacion_Nacional\Programmig\Ciclo4 Microservicios\Proyecto\medicines\ovela\.m2\repository\org\hamcrest\hamcrest\2.2\hamcrest-2.2.jar;C:\Users\ovela\OneDrive\Documentos\Programacion_Nacional\Programmig\Ciclo4 Microservicios\Proyecto\medicines\ovela\.m2\repository\org\junit\jupiter\junit-jupiter\5.8.1\junit-jupiter-5.8.1.jar;C:\Users\ovela\OneDrive\Documentos\Programacion_Nacional\Programmig\Ciclo4 Microservicios\Proyecto\medicines\ovela\.m2\repository\org\junit\jupiter\junit-jupiter-api\5.8.1\junit-jupiter-api-5.8.1.jar;C:\Users\ovela\OneDrive\Documentos\Programacion_Nacional\Programmig\Ciclo4 Microservicios\Proyecto\medicines\ovela\.m2\repository\org\opentest4j\opentest4j\1.2.0\opentest4j-1.2.0.jar;C:\Users\ovela\OneDrive\Documentos\Programacion_Nacional\Programmig\Ciclo4 Microservicios\Proyecto\medicines\ovela\.m2\repository\org\junit\platform\junit-platform-commons\1.8.1\junit-platform-commons-1.8.1.jar;C:\Users\ovela\OneDrive\Documentos\Programacion_Nacional\Programmig\Ciclo4 Microservicios\Proyecto\medicines\ovela\.m2\repository\org\apiguardian\apiguardian-api\1.1.2\apiguardian-api-1.1.2.jar;C:\Users\ovela\OneDrive\Documentos\Programacion_Nacional\Programmig\Ciclo4 Microservicios\Proyecto\medicines\ovela\.m2\repository\org\junit\jupiter\junit-jupiter-params\5.8.1\junit-jupiter-params-5.8.1.jar;C:\Users\ovela\OneDrive\Documentos\Programacion_Nacional\Programmig\Ciclo4 Microservicios\Proyecto\medicines\ovela\.m2\repository\org\junit\jupiter\junit-jupiter-engine\5.8.1\junit-jupiter-engine-5.8.1.jar;C:\Users\ovela\OneDrive\Documentos\Programacion_Nacional\Programmig\Ciclo4 Microservicios\Proyecto\medicines\ovela\.m2\repository\org\junit\platform\junit-platform-engine\1.8.1\junit-platform-engine-1.8.1.jar;C:\Users\ovela\OneDrive\Documentos\Programacion_Nacional\Programmig\Ciclo4 Microservicios\Proyecto\medicines\ovela\.m2\repository\org\mockito\mockito-core\4.0.0\mockito-core-4.0.0.jar;C:\Users\ovela\OneDrive\Documentos\Programacion_Nacional\Programmig\Ciclo4 Microservicios\Proyecto\medicines\ovela\.m2\repository\net\bytebuddy\byte-buddy\1.11.22\byte-buddy-1.11.22.jar;C:\Users\ovela\OneDrive\Documentos\Programacion_Nacional\Programmig\Ciclo4 Microservicios\Proyecto\medicines\ovela\.m2\repository\net\bytebuddy\byte-buddy-agent\1.11.22\byte-buddy-agent-1.11.22.jar;C:\Users\ovela\OneDrive\Documentos\Programacion_Nacional\Programmig\Ciclo4 Microservicios\Proyecto\medicines\ovela\.m2\repository\org\objenesis\objenesis\3.2\objenesis-3.2.jar;C:\Users\ovela\OneDrive\Documentos\Programacion_Nacional\Programmig\Ciclo4 Microservicios\Proyecto\medicines\ovela\.m2\repository\org\mockito\mockito-junit-jupiter\4.0.0\mockito-junit-jupiter-4.0.0.jar;C:\Users\ovela\OneDrive\Documentos\Programacion_Nacional\Programmig\Ciclo4 Microservicios\Proyecto\medicines\ovela\.m2\repository\org\skyscreamer\jsonassert\1.5.0\jsonassert-1.5.0.jar;C:\Users\ovela\OneDrive\Documentos\Programacion_Nacional\Programmig\Ciclo4 Microservicios\Proyecto\medicines\ovela\.m2\repository\com\vaadin\external\google\android-json\0.0.20131108.vaadin1\android-json-0.0.20131108.vaadin1.jar;C:\Users\ovela\OneDrive\Documentos\Programacion_Nacional\Programmig\Ciclo4 Microservicios\Proyecto\medicines\ovela\.m2\repository\org\springframework\spring-core\5.3.13\spring-core-5.3.13.jar;C:\Users\ovela\OneDrive\Documentos\Programacion_Nacional\Programmig\Ciclo4 Microservicios\Proyecto\medicines\ovela\.m2\repository\org\springframework\spring-jcl\5.3.13\spring-jcl-5.3.13.jar;C:\Users\ovela\OneDrive\Documentos\Programacion_Nacional\Programmig\Ciclo4 Microservicios\Proyecto\medicines\ovela\.m2\repository\org\springframework\spring-test\5.3.13\spring-test-5.3.13.jar;C:\Users\ovela\OneDrive\Documentos\Programacion_Nacional\Programmig\Ciclo4 Microservicios\Proyecto\medicines\ovela\.m2\repository\org\xmlunit\xmlunit-core\2.8.3\xmlunit-core-2.8.3.jar;"/>
    <property name="java.vm.vendor" value="Oracle Corporation"/>
    <property name="sun.arch.data.model" value="64"/>
    <property name="user.variant" value=""/>
    <property name="java.vendor.url" value="https://java.oracle.com/"/>
    <property name="user.timezone" value="America/Bogota"/>
    <property name="os.name" value="Windows 10"/>
    <property name="java.vm.specification.version" value="17"/>
    <property name="sun.java.launcher" value="SUN_STANDARD"/>
    <property name="user.country" value="CO"/>
    <property name="sun.boot.library.path" value="C:\Program Files\Java\jdk-17.0.1\bin"/>
    <property name="sun.java.command" value="C:\Users\ovela\AppData\Local\Temp\surefire6693357164617974399\surefirebooter354000478987660266.jar C:\Users\ovela\AppData\Local\Temp\surefire6693357164617974399 2021-11-21T22-44-11_053-jvmRun1 surefire10660845654127816313tmp surefire_015083768106570132506tmp"/>
    <property name="jdk.debug" value="release"/>
    <property name="surefire.test.class.path" value="C:\Users\ovela\OneDrive\Documentos\Programacion_Nacional\Programmig\Ciclo4 Microservicios\Proyecto\medicines\target\test-classes;C:\Users\ovela\OneDrive\Documentos\Programacion_Nacional\Programmig\Ciclo4 Microservicios\Proyecto\medicines\target\classes;C:\Users\ovela\OneDrive\Documentos\Programacion_Nacional\Programmig\Ciclo4 Microservicios\Proyecto\medicines\ovela\.m2\repository\org\springframework\boot\spring-boot-starter-data-mongodb\2.6.0\spring-boot-starter-data-mongodb-2.6.0.jar;C:\Users\ovela\OneDrive\Documentos\Programacion_Nacional\Programmig\Ciclo4 Microservicios\Proyecto\medicines\ovela\.m2\repository\org\springframework\boot\spring-boot-starter\2.6.0\spring-boot-starter-2.6.0.jar;C:\Users\ovela\OneDrive\Documentos\Programacion_Nacional\Programmig\Ciclo4 Microservicios\Proyecto\medicines\ovela\.m2\repository\org\springframework\boot\spring-boot\2.6.0\spring-boot-2.6.0.jar;C:\Users\ovela\OneDrive\Documentos\Programacion_Nacional\Programmig\Ciclo4 Microservicios\Proyecto\medicines\ovela\.m2\repository\org\springframework\boot\spring-boot-autoconfigure\2.6.0\spring-boot-autoconfigure-2.6.0.jar;C:\Users\ovela\OneDrive\Documentos\Programacion_Nacional\Programmig\Ciclo4 Microservicios\Proyecto\medicines\ovela\.m2\repository\org\springframework\boot\spring-boot-starter-logging\2.6.0\spring-boot-starter-logging-2.6.0.jar;C:\Users\ovela\OneDrive\Documentos\Programacion_Nacional\Programmig\Ciclo4 Microservicios\Proyecto\medicines\ovela\.m2\repository\ch\qos\logback\logback-classic\1.2.7\logback-classic-1.2.7.jar;C:\Users\ovela\OneDrive\Documentos\Programacion_Nacional\Programmig\Ciclo4 Microservicios\Proyecto\medicines\ovela\.m2\repository\ch\qos\logback\logback-core\1.2.7\logback-core-1.2.7.jar;C:\Users\ovela\OneDrive\Documentos\Programacion_Nacional\Programmig\Ciclo4 Microservicios\Proyecto\medicines\ovela\.m2\repository\org\apache\logging\log4j\log4j-to-slf4j\2.14.1\log4j-to-slf4j-2.14.1.jar;C:\Users\ovela\OneDrive\Documentos\Programacion_Nacional\Programmig\Ciclo4 Microservicios\Proyecto\medicines\ovela\.m2\repository\org\apache\logging\log4j\log4j-api\2.14.1\log4j-api-2.14.1.jar;C:\Users\ovela\OneDrive\Documentos\Programacion_Nacional\Programmig\Ciclo4 Microservicios\Proyecto\medicines\ovela\.m2\repository\org\slf4j\jul-to-slf4j\1.7.32\jul-to-slf4j-1.7.32.jar;C:\Users\ovela\OneDrive\Documentos\Programacion_Nacional\Programmig\Ciclo4 Microservicios\Proyecto\medicines\ovela\.m2\repository\jakarta\annotation\jakarta.annotation-api\1.3.5\jakarta.annotation-api-1.3.5.jar;C:\Users\ovela\OneDrive\Documentos\Programacion_Nacional\Programmig\Ciclo4 Microservicios\Proyecto\medicines\ovela\.m2\repository\org\yaml\snakeyaml\1.29\snakeyaml-1.29.jar;C:\Users\ovela\OneDrive\Documentos\Programacion_Nacional\Programmig\Ciclo4 Microservicios\Proyecto\medicines\ovela\.m2\repository\org\mongodb\mongodb-driver-sync\4.4.0\mongodb-driver-sync-4.4.0.jar;C:\Users\ovela\OneDrive\Documentos\Programacion_Nacional\Programmig\Ciclo4 Microservicios\Proyecto\medicines\ovela\.m2\repository\org\mongodb\bson\4.4.0\bson-4.4.0.jar;C:\Users\ovela\OneDrive\Documentos\Programacion_Nacional\Programmig\Ciclo4 Microservicios\Proyecto\medicines\ovela\.m2\repository\org\mongodb\mongodb-driver-core\4.4.0\mongodb-driver-core-4.4.0.jar;C:\Users\ovela\OneDrive\Documentos\Programacion_Nacional\Programmig\Ciclo4 Microservicios\Proyecto\medicines\ovela\.m2\repository\org\springframework\data\spring-data-mongodb\3.3.0\spring-data-mongodb-3.3.0.jar;C:\Users\ovela\OneDrive\Documentos\Programacion_Nacional\Programmig\Ciclo4 Microservicios\Proyecto\medicines\ovela\.m2\repository\org\springframework\spring-tx\5.3.13\spring-tx-5.3.13.jar;C:\Users\ovela\OneDrive\Documentos\Programacion_Nacional\Programmig\Ciclo4 Microservicios\Proyecto\medicines\ovela\.m2\repository\org\springframework\spring-context\5.3.13\spring-context-5.3.13.jar;C:\Users\ovela\OneDrive\Documentos\Programacion_Nacional\Programmig\Ciclo4 Microservicios\Proyecto\medicines\ovela\.m2\repository\org\springframework\spring-beans\5.3.13\spring-beans-5.3.13.jar;C:\Users\ovela\OneDrive\Documentos\Programacion_Nacional\Programmig\Ciclo4 Microservicios\Proyecto\medicines\ovela\.m2\repository\org\springframework\spring-expression\5.3.13\spring-expression-5.3.13.jar;C:\Users\ovela\OneDrive\Documentos\Programacion_Nacional\Programmig\Ciclo4 Microservicios\Proyecto\medicines\ovela\.m2\repository\org\springframework\data\spring-data-commons\2.6.0\spring-data-commons-2.6.0.jar;C:\Users\ovela\OneDrive\Documentos\Programacion_Nacional\Programmig\Ciclo4 Microservicios\Proyecto\medicines\ovela\.m2\repository\org\slf4j\slf4j-api\1.7.32\slf4j-api-1.7.32.jar;C:\Users\ovela\OneDrive\Documentos\Programacion_Nacional\Programmig\Ciclo4 Microservicios\Proyecto\medicines\ovela\.m2\repository\org\springframework\boot\spring-boot-starter-web\2.6.0\spring-boot-starter-web-2.6.0.jar;C:\Users\ovela\OneDrive\Documentos\Programacion_Nacional\Programmig\Ciclo4 Microservicios\Proyecto\medicines\ovela\.m2\repository\org\springframework\boot\spring-boot-starter-json\2.6.0\spring-boot-starter-json-2.6.0.jar;C:\Users\ovela\OneDrive\Documentos\Programacion_Nacional\Programmig\Ciclo4 Microservicios\Proyecto\medicines\ovela\.m2\repository\com\fasterxml\jackson\core\jackson-databind\2.13.0\jackson-databind-2.13.0.jar;C:\Users\ovela\OneDrive\Documentos\Programacion_Nacional\Programmig\Ciclo4 Microservicios\Proyecto\medicines\ovela\.m2\repository\com\fasterxml\jackson\core\jackson-annotations\2.13.0\jackson-annotations-2.13.0.jar;C:\Users\ovela\OneDrive\Documentos\Programacion_Nacional\Programmig\Ciclo4 Microservicios\Proyecto\medicines\ovela\.m2\repository\com\fasterxml\jackson\core\jackson-core\2.13.0\jackson-core-2.13.0.jar;C:\Users\ovela\OneDrive\Documentos\Programacion_Nacional\Programmig\Ciclo4 Microservicios\Proyecto\medicines\ovela\.m2\repository\com\fasterxml\jackson\datatype\jackson-datatype-jdk8\2.13.0\jackson-datatype-jdk8-2.13.0.jar;C:\Users\ovela\OneDrive\Documentos\Programacion_Nacional\Programmig\Ciclo4 Microservicios\Proyecto\medicines\ovela\.m2\repository\com\fasterxml\jackson\datatype\jackson-datatype-jsr310\2.13.0\jackson-datatype-jsr310-2.13.0.jar;C:\Users\ovela\OneDrive\Documentos\Programacion_Nacional\Programmig\Ciclo4 Microservicios\Proyecto\medicines\ovela\.m2\repository\com\fasterxml\jackson\module\jackson-module-parameter-names\2.13.0\jackson-module-parameter-names-2.13.0.jar;C:\Users\ovela\OneDrive\Documentos\Programacion_Nacional\Programmig\Ciclo4 Microservicios\Proyecto\medicines\ovela\.m2\repository\org\springframework\boot\spring-boot-starter-tomcat\2.6.0\spring-boot-starter-tomcat-2.6.0.jar;C:\Users\ovela\OneDrive\Documentos\Programacion_Nacional\Programmig\Ciclo4 Microservicios\Proyecto\medicines\ovela\.m2\repository\org\apache\tomcat\embed\tomcat-embed-core\9.0.55\tomcat-embed-core-9.0.55.jar;C:\Users\ovela\OneDrive\Documentos\Programacion_Nacional\Programmig\Ciclo4 Microservicios\Proyecto\medicines\ovela\.m2\repository\org\apache\tomcat\embed\tomcat-embed-el\9.0.55\tomcat-embed-el-9.0.55.jar;C:\Users\ovela\OneDrive\Documentos\Programacion_Nacional\Programmig\Ciclo4 Microservicios\Proyecto\medicines\ovela\.m2\repository\org\apache\tomcat\embed\tomcat-embed-websocket\9.0.55\tomcat-embed-websocket-9.0.55.jar;C:\Users\ovela\OneDrive\Documentos\Programacion_Nacional\Programmig\Ciclo4 Microservicios\Proyecto\medicines\ovela\.m2\repository\org\springframework\spring-web\5.3.13\spring-web-5.3.13.jar;C:\Users\ovela\OneDrive\Documentos\Programacion_Nacional\Programmig\Ciclo4 Microservicios\Proyecto\medicines\ovela\.m2\repository\org\springframework\spring-webmvc\5.3.13\spring-webmvc-5.3.13.jar;C:\Users\ovela\OneDrive\Documentos\Programacion_Nacional\Programmig\Ciclo4 Microservicios\Proyecto\medicines\ovela\.m2\repository\org\springframework\spring-aop\5.3.13\spring-aop-5.3.13.jar;C:\Users\ovela\OneDrive\Documentos\Programacion_Nacional\Programmig\Ciclo4 Microservicios\Proyecto\medicines\ovela\.m2\repository\org\springframework\boot\spring-boot-starter-test\2.6.0\spring-boot-starter-test-2.6.0.jar;C:\Users\ovela\OneDrive\Documentos\Programacion_Nacional\Programmig\Ciclo4 Microservicios\Proyecto\medicines\ovela\.m2\repository\org\springframework\boot\spring-boot-test\2.6.0\spring-boot-test-2.6.0.jar;C:\Users\ovela\OneDrive\Documentos\Programacion_Nacional\Programmig\Ciclo4 Microservicios\Proyecto\medicines\ovela\.m2\repository\org\springframework\boot\spring-boot-test-autoconfigure\2.6.0\spring-boot-test-autoconfigure-2.6.0.jar;C:\Users\ovela\OneDrive\Documentos\Programacion_Nacional\Programmig\Ciclo4 Microservicios\Proyecto\medicines\ovela\.m2\repository\com\jayway\jsonpath\json-path\2.6.0\json-path-2.6.0.jar;C:\Users\ovela\OneDrive\Documentos\Programacion_Nacional\Programmig\Ciclo4 Microservicios\Proyecto\medicines\ovela\.m2\repository\net\minidev\json-smart\2.4.7\json-smart-2.4.7.jar;C:\Users\ovela\OneDrive\Documentos\Programacion_Nacional\Programmig\Ciclo4 Microservicios\Proyecto\medicines\ovela\.m2\repository\net\minidev\accessors-smart\2.4.7\accessors-smart-2.4.7.jar;C:\Users\ovela\OneDrive\Documentos\Programacion_Nacional\Programmig\Ciclo4 Microservicios\Proyecto\medicines\ovela\.m2\repository\org\ow2\asm\asm\9.1\asm-9.1.jar;C:\Users\ovela\OneDrive\Documentos\Programacion_Nacional\Programmig\Ciclo4 Microservicios\Proyecto\medicines\ovela\.m2\repository\jakarta\xml\bind\jakarta.xml.bind-api\2.3.3\jakarta.xml.bind-api-2.3.3.jar;C:\Users\ovela\OneDrive\Documentos\Programacion_Nacional\Programmig\Ciclo4 Microservicios\Proyecto\medicines\ovela\.m2\repository\jakarta\activation\jakarta.activation-api\1.2.2\jakarta.activation-api-1.2.2.jar;C:\Users\ovela\OneDrive\Documentos\Programacion_Nacional\Programmig\Ciclo4 Microservicios\Proyecto\medicines\ovela\.m2\repository\org\assertj\assertj-core\3.21.0\assertj-core-3.21.0.jar;C:\Users\ovela\OneDrive\Documentos\Programacion_Nacional\Programmig\Ciclo4 Microservicios\Proyecto\medicines\ovela\.m2\repository\org\hamcrest\hamcrest\2.2\hamcrest-2.2.jar;C:\Users\ovela\OneDrive\Documentos\Programacion_Nacional\Programmig\Ciclo4 Microservicios\Proyecto\medicines\ovela\.m2\repository\org\junit\jupiter\junit-jupiter\5.8.1\junit-jupiter-5.8.1.jar;C:\Users\ovela\OneDrive\Documentos\Programacion_Nacional\Programmig\Ciclo4 Microservicios\Proyecto\medicines\ovela\.m2\repository\org\junit\jupiter\junit-jupiter-api\5.8.1\junit-jupiter-api-5.8.1.jar;C:\Users\ovela\OneDrive\Documentos\Programacion_Nacional\Programmig\Ciclo4 Microservicios\Proyecto\medicines\ovela\.m2\repository\org\opentest4j\opentest4j\1.2.0\opentest4j-1.2.0.jar;C:\Users\ovela\OneDrive\Documentos\Programacion_Nacional\Programmig\Ciclo4 Microservicios\Proyecto\medicines\ovela\.m2\repository\org\junit\platform\junit-platform-commons\1.8.1\junit-platform-commons-1.8.1.jar;C:\Users\ovela\OneDrive\Documentos\Programacion_Nacional\Programmig\Ciclo4 Microservicios\Proyecto\medicines\ovela\.m2\repository\org\apiguardian\apiguardian-api\1.1.2\apiguardian-api-1.1.2.jar;C:\Users\ovela\OneDrive\Documentos\Programacion_Nacional\Programmig\Ciclo4 Microservicios\Proyecto\medicines\ovela\.m2\repository\org\junit\jupiter\junit-jupiter-params\5.8.1\junit-jupiter-params-5.8.1.jar;C:\Users\ovela\OneDrive\Documentos\Programacion_Nacional\Programmig\Ciclo4 Microservicios\Proyecto\medicines\ovela\.m2\repository\org\junit\jupiter\junit-jupiter-engine\5.8.1\junit-jupiter-engine-5.8.1.jar;C:\Users\ovela\OneDrive\Documentos\Programacion_Nacional\Programmig\Ciclo4 Microservicios\Proyecto\medicines\ovela\.m2\repository\org\junit\platform\junit-platform-engine\1.8.1\junit-platform-engine-1.8.1.jar;C:\Users\ovela\OneDrive\Documentos\Programacion_Nacional\Programmig\Ciclo4 Microservicios\Proyecto\medicines\ovela\.m2\repository\org\mockito\mockito-core\4.0.0\mockito-core-4.0.0.jar;C:\Users\ovela\OneDrive\Documentos\Programacion_Nacional\Programmig\Ciclo4 Microservicios\Proyecto\medicines\ovela\.m2\repository\net\bytebuddy\byte-buddy\1.11.22\byte-buddy-1.11.22.jar;C:\Users\ovela\OneDrive\Documentos\Programacion_Nacional\Programmig\Ciclo4 Microservicios\Proyecto\medicines\ovela\.m2\repository\net\bytebuddy\byte-buddy-agent\1.11.22\byte-buddy-agent-1.11.22.jar;C:\Users\ovela\OneDrive\Documentos\Programacion_Nacional\Programmig\Ciclo4 Microservicios\Proyecto\medicines\ovela\.m2\repository\org\objenesis\objenesis\3.2\objenesis-3.2.jar;C:\Users\ovela\OneDrive\Documentos\Programacion_Nacional\Programmig\Ciclo4 Microservicios\Proyecto\medicines\ovela\.m2\repository\org\mockito\mockito-junit-jupiter\4.0.0\mockito-junit-jupiter-4.0.0.jar;C:\Users\ovela\OneDrive\Documentos\Programacion_Nacional\Programmig\Ciclo4 Microservicios\Proyecto\medicines\ovela\.m2\repository\org\skyscreamer\jsonassert\1.5.0\jsonassert-1.5.0.jar;C:\Users\ovela\OneDrive\Documentos\Programacion_Nacional\Programmig\Ciclo4 Microservicios\Proyecto\medicines\ovela\.m2\repository\com\vaadin\external\google\android-json\0.0.20131108.vaadin1\android-json-0.0.20131108.vaadin1.jar;C:\Users\ovela\OneDrive\Documentos\Programacion_Nacional\Programmig\Ciclo4 Microservicios\Proyecto\medicines\ovela\.m2\repository\org\springframework\spring-core\5.3.13\spring-core-5.3.13.jar;C:\Users\ovela\OneDrive\Documentos\Programacion_Nacional\Programmig\Ciclo4 Microservicios\Proyecto\medicines\ovela\.m2\repository\org\springframework\spring-jcl\5.3.13\spring-jcl-5.3.13.jar;C:\Users\ovela\OneDrive\Documentos\Programacion_Nacional\Programmig\Ciclo4 Microservicios\Proyecto\medicines\ovela\.m2\repository\org\springframework\spring-test\5.3.13\spring-test-5.3.13.jar;C:\Users\ovela\OneDrive\Documentos\Programacion_Nacional\Programmig\Ciclo4 Microservicios\Proyecto\medicines\ovela\.m2\repository\org\xmlunit\xmlunit-core\2.8.3\xmlunit-core-2.8.3.jar;"/>
    <property name="sun.cpu.endian" value="little"/>
    <property name="user.home" value="C:\Users\ovela"/>
    <property name="user.language" value="es"/>
    <property name="java.specification.vendor" value="Oracle Corporation"/>
    <property name="java.version.date" value="2021-10-19"/>
    <property name="java.home" value="C:\Program Files\Java\jdk-17.0.1"/>
    <property name="file.separator" value="\"/>
    <property name="basedir" value="C:\Users\ovela\OneDrive\Documentos\Programacion_Nacional\Programmig\Ciclo4 Microservicios\Proyecto\medicines"/>
    <property name="java.vm.compressedOopsMode" value="32-bit"/>
    <property name="line.separator" value="&#10;"/>
    <property name="java.vm.specification.vendor" value="Oracle Corporation"/>
    <property name="java.specification.name" value="Java Platform API Specification"/>
    <property name="surefire.real.class.path" value="C:\Users\ovela\AppData\Local\Temp\surefire6693357164617974399\surefirebooter354000478987660266.jar"/>
    <property name="user.script" value=""/>
    <property name="sun.management.compiler" value="HotSpot 64-Bit Tiered Compilers"/>
    <property name="java.runtime.version" value="17.0.1+12-LTS-39"/>
    <property name="user.name" value="ovela"/>
    <property name="path.separator" value=";"/>
    <property name="os.version" value="10.0"/>
    <property name="java.runtime.name" value="Java(TM) SE Runtime Environment"/>
    <property name="file.encoding" value="Cp1252"/>
    <property name="java.vm.name" value="Java HotSpot(TM) 64-Bit Server VM"/>
    <property name="localRepository" value="C:\Users\ovela\OneDrive\Documentos\Programacion_Nacional\Programmig\Ciclo4 Microservicios\Proyecto\medicines\ovela\.m2\repository"/>
    <property name="java.vendor.url.bug" value="https://bugreport.java.com/bugreport/"/>
    <property name="java.io.tmpdir" value="C:\Users\ovela\AppData\Local\Temp\"/>
    <property name="java.version" value="17.0.1"/>
    <property name="user.dir" value="C:\Users\ovela\OneDrive\Documentos\Programacion_Nacional\Programmig\Ciclo4 Microservicios\Proyecto\medicines"/>
    <property name="os.arch" value="amd64"/>
    <property name="java.vm.specification.name" value="Java Virtual Machine Specification"/>
    <property name="sun.os.patch.level" value=""/>
    <property name="native.encoding" value="Cp1252"/>
    <property name="java.library.path" value="C:\Program Files\Java\jdk-17.0.1\bin;C:\WINDOWS\Sun\Java\bin;C:\WINDOWS\system32;C:\WINDOWS;C:\Program Files\Common Files\Oracle\Java\javapath;C:\ProgramData\Oracle\Java\javapath;C:\Program Files (x86)\Common Files\Oracle\Java\javapath;C:\WINDOWS\system32;C:\WINDOWS;C:\WINDOWS\System32\Wbem;C:\WINDOWS\System32\WindowsPowerShell\v1.0\;C:\WINDOWS\System32\OpenSSH\;C:\Program Files (x86)\ATI Technologies\ATI.ACE\Core-Static;C:\ProgramData\chocolatey\bin;C:\Program Files\Java\jdk-17.0.1\bin;C:\Program Files\Java\jdk1.8.0_152;C:\Program Files\MongoDB\Server\5.0\bin;C:\xampp\mysql\bin;C:\Users\ovela\mongosh\bin;C:\Program Files\Git\cmd;C:\Program Files\nodejs\;C:\Program Files\Docker\Docker\resources\bin;C:\ProgramData\DockerDesktop\version-bin;C:\Program Files\Sublime Text;C:\Program Files\dotnet\;C:\Program Files\apache-maven-3.8.3\bin;C:\Users\ovela\AppData\Local\Programs\Python\Python39\Scripts\;C:\Users\ovela\AppData\Local\Programs\Python\Python39\;C:\Users\ovela\AppData\Local\Microsoft\WindowsApps;C:\Users\ovela\AppData\Local\Programs\Microsoft VS Code\bin;C:\Users\ovela\AppData\Local\Programs\MiKTeX 2.9\miktex\bin\x64\;C:\Program Files\JetBrains\PyCharm Community Edition 2021.1.3\bin;C:\Program Files\heroku\bin;C:\Users\ovela\.deno\bin;C:\Program Files\MongoDB\Tools\100\bin;C:\laragon\bin\php\php-7.4.19-Win32-vc15-x64;C:\Users\ovela\AppData\Local\ComposerSetup\bin;C:\Users\ovela\AppData\Roaming\Composer\vendor\bin;C:\Users\ovela\AppData\Local\GitHubDesktop\bin;C:\Users\ovela\AppData\Roaming\npm;C:\Users\ovela\AppData\Local\Microsoft\WindowsApps;C:\Users\ovela\.dotnet\tools;C:\Program Files\JetBrains\IntelliJ IDEA Community Edition 2021.2.3\bin;;."/>
    <property name="java.vm.info" value="mixed mode, sharing"/>
    <property name="java.vendor" value="Oracle Corporation"/>
    <property name="java.vm.version" value="17.0.1+12-LTS-39"/>
    <property name="sun.io.unicode.encoding" value="UnicodeLittle"/>
    <property name="java.class.version" value="61.0"/>
  </properties>
  <testcase name="contextLoads" classname="com.grow.medicines.MedicinesApplicationTests" time="5.115"/>
</testsuite>